#
# A fatal error has been detected by the Java Runtime Environment:
#
#  Internal Error (t:/workspace/open/src/hotspot/share/oops/generateOopMap.cpp:2164), pid=16060, tid=2952
#  fatal error: Illegal class file encountered. Try running with -Xverify:all in method runSA
#
# JRE version: Java(TM) SE Runtime Environment (11.0+28) (build 11+28)
# Java VM: Java HotSpot(TM) 64-Bit Server VM (11+28, mixed mode, tiered, compressed oops, g1 gc, windows-amd64)
# No core dump will be written. Minidumps are not enabled by default on client versions of Windows
#
# If you would like to submit a bug report, please visit:
#   http://bugreport.java.com/bugreport/crash.jsp
#

---------------  S U M M A R Y ------------

Command Line: -agentlib:jdwp=transport=dt_socket,address=127.0.0.1:50192,suspend=y,server=n -javaagent:C:\Users\Max\.IntelliJIdea2018.2\system\captureAgent\debugger-agent.jar=file:/C:/Users/Max/AppData/Local/Temp/capture1.props -Dfile.encoding=UTF-8 com.company.Main

Host: Intel(R) Core(TM) i7-5500U CPU @ 2.40GHz, 4 cores, 7G,  Windows 10 , 64 bit Build 17134 (10.0.17134.1)
Time: Fri Nov  9 08:19:20 2018 W. Europe Standard Time elapsed time: 636 seconds (0d 0h 10m 36s)

---------------  T H R E A D  ---------------

Current thread (0x0000021bc7a1d800):  VMThread "VM Thread" [stack: 0x0000005ed5800000,0x0000005ed5900000] [id=2952]

Stack: [0x0000005ed5800000,0x0000005ed5900000]
[error occurred during error reporting (printing stack bounds), id 0xc0000005, EXCEPTION_ACCESS_VIOLATION (0xc0000005) at pc=0x0000021bb19e0bad]

Native frames: (J=compiled Java code, j=interpreted, Vv=VM code, C=native code)
V  [jvm.dll+0x63c22a]
V  [jvm.dll+0x7797ef]
V  [jvm.dll+0x77adda]
V  [jvm.dll+0x77b3f5]
V  [jvm.dll+0x77b3ab]
V  [jvm.dll+0x63b926]
V  [jvm.dll+0x63bcf8]
C  [ntdll.dll+0x9ed2d]
C  [ntdll.dll+0x6c86]
C  [ntdll.dll+0x9dc5e]
C  0x0000021bb19e0bad

VM_Operation (0x0000005ed61ff550): GetOrSetLocal, mode: safepoint, requested by thread 0x0000021bc8641800


---------------  P R O C E S S  ---------------

Threads class SMR info:
_java_thread_list=0x0000021bc86bd950, length=13, elements={
0x0000021ba96d0000, 0x0000021bc7a44000, 0x0000021bc7a46000, 0x0000021bc83a3000,
0x0000021bc7a61800, 0x0000021bc7a63000, 0x0000021bc7a6c800, 0x0000021bc8401000,
0x0000021bc79db000, 0x0000021bc8641800, 0x0000021bc8657000, 0x0000021bc868e000,
0x0000021bc86b0000
}

Java Threads: ( => current thread )
  0x0000021ba96d0000 JavaThread "main" [_thread_blocked, id=8832, stack(0x0000005ed5200000,0x0000005ed5300000)]
  0x0000021bc7a44000 JavaThread "Reference Handler" daemon [_thread_blocked, id=9680, stack(0x0000005ed5900000,0x0000005ed5a00000)]
  0x0000021bc7a46000 JavaThread "Finalizer" daemon [_thread_blocked, id=15296, stack(0x0000005ed5a00000,0x0000005ed5b00000)]
  0x0000021bc83a3000 JavaThread "Signal Dispatcher" daemon [_thread_blocked, id=4320, stack(0x0000005ed5b00000,0x0000005ed5c00000)]
  0x0000021bc7a61800 JavaThread "Attach Listener" daemon [_thread_blocked, id=1528, stack(0x0000005ed5c00000,0x0000005ed5d00000)]
  0x0000021bc7a63000 JavaThread "C2 CompilerThread0" daemon [_thread_blocked, id=12520, stack(0x0000005ed5d00000,0x0000005ed5e00000)]
  0x0000021bc7a6c800 JavaThread "C1 CompilerThread0" daemon [_thread_blocked, id=6688, stack(0x0000005ed5e00000,0x0000005ed5f00000)]
  0x0000021bc8401000 JavaThread "Sweeper thread" daemon [_thread_blocked, id=4564, stack(0x0000005ed5f00000,0x0000005ed6000000)]
  0x0000021bc79db000 JavaThread "Common-Cleaner" daemon [_thread_blocked, id=5712, stack(0x0000005ed6000000,0x0000005ed6100000)]
  0x0000021bc8641800 JavaThread "JDWP Transport Listener: dt_socket" daemon [_thread_blocked, id=13492, stack(0x0000005ed6100000,0x0000005ed6200000)] _threads_hazard_ptr=0x0000021bc86bd950
  0x0000021bc8657000 JavaThread "JDWP Event Helper Thread" daemon [_thread_blocked, id=15244, stack(0x0000005ed6200000,0x0000005ed6300000)]
  0x0000021bc868e000 JavaThread "JDWP Command Reader" daemon [_thread_in_native, id=14800, stack(0x0000005ed6300000,0x0000005ed6400000)]
  0x0000021bc86b0000 JavaThread "Service Thread" daemon [_thread_blocked, id=9844, stack(0x0000005ed6400000,0x0000005ed6500000)]

Other Threads:
=>0x0000021bc7a1d800 VMThread "VM Thread" [stack: 0x0000005ed5800000,0x0000005ed5900000] [id=2952]
  0x0000021bc869c800 WatcherThread [stack: 0x0000005ed6500000,0x0000005ed6600000] [id=13064]
  0x0000021ba96e8000 GCTaskThread "GC Thread#0" [stack: 0x0000005ed5300000,0x0000005ed5400000] [id=12544]
  0x0000021ba9712800 ConcurrentGCThread "G1 Main Marker" [stack: 0x0000005ed5400000,0x0000005ed5500000] [id=6780]
  0x0000021ba9714000 ConcurrentGCThread "G1 Conc#0" [stack: 0x0000005ed5500000,0x0000005ed5600000] [id=10016]
  0x0000021ba978d800 ConcurrentGCThread "G1 Refine#0" [stack: 0x0000005ed5600000,0x0000005ed5700000] [id=1788]
  0x0000021ba978e800 ConcurrentGCThread "G1 Young RemSet Sampling" [stack: 0x0000005ed5700000,0x0000005ed5800000] [id=13452]

Threads with active compile tasks:

VM state:at safepoint (normal execution)

VM Mutex/Monitor currently owned by a thread:  ([mutex/lock_event])
[0x0000021ba96cd940] Threads_lock - owner thread: 0x0000021bc7a1d800

Heap address: 0x0000000081400000, size: 2028 MB, Compressed Oops mode: 32-bit
Narrow klass base: 0x0000000000000000, Narrow klass shift: 3
Compressed class space size: 1073741824 Address: 0x0000000100000000

Heap:
 garbage-first heap   total 131072K, used 5120K [0x0000000081400000, 0x0000000100000000)
  region size 1024K, 6 young (6144K), 0 survivors (0K)
 Metaspace       used 7897K, capacity 8044K, committed 8192K, reserved 1056768K
  class space    used 702K, capacity 764K, committed 768K, reserved 1048576K
Heap Regions: E=young(eden), S=young(survivor), O=old, HS=humongous(starts), HC=humongous(continues), CS=collection set, F=free, A=archive, TAMS=top-at-mark-start (previous, next)
|   0|0x0000000081400000, 0x0000000081400000, 0x0000000081500000|  0%| F|  |TAMS 0x0000000081400000, 0x0000000081400000| Untracked 
|   1|0x0000000081500000, 0x0000000081500000, 0x0000000081600000|  0%| F|  |TAMS 0x0000000081500000, 0x0000000081500000| Untracked 
|   2|0x0000000081600000, 0x0000000081600000, 0x0000000081700000|  0%| F|  |TAMS 0x0000000081600000, 0x0000000081600000| Untracked 
|   3|0x0000000081700000, 0x0000000081700000, 0x0000000081800000|  0%| F|  |TAMS 0x0000000081700000, 0x0000000081700000| Untracked 
|   4|0x0000000081800000, 0x0000000081800000, 0x0000000081900000|  0%| F|  |TAMS 0x0000000081800000, 0x0000000081800000| Untracked 
|   5|0x0000000081900000, 0x0000000081900000, 0x0000000081a00000|  0%| F|  |TAMS 0x0000000081900000, 0x0000000081900000| Untracked 
|   6|0x0000000081a00000, 0x0000000081a00000, 0x0000000081b00000|  0%| F|  |TAMS 0x0000000081a00000, 0x0000000081a00000| Untracked 
|   7|0x0000000081b00000, 0x0000000081b00000, 0x0000000081c00000|  0%| F|  |TAMS 0x0000000081b00000, 0x0000000081b00000| Untracked 
|   8|0x0000000081c00000, 0x0000000081c00000, 0x0000000081d00000|  0%| F|  |TAMS 0x0000000081c00000, 0x0000000081c00000| Untracked 
|   9|0x0000000081d00000, 0x0000000081d00000, 0x0000000081e00000|  0%| F|  |TAMS 0x0000000081d00000, 0x0000000081d00000| Untracked 
|  10|0x0000000081e00000, 0x0000000081e00000, 0x0000000081f00000|  0%| F|  |TAMS 0x0000000081e00000, 0x0000000081e00000| Untracked 
|  11|0x0000000081f00000, 0x0000000081f00000, 0x0000000082000000|  0%| F|  |TAMS 0x0000000081f00000, 0x0000000081f00000| Untracked 
|  12|0x0000000082000000, 0x0000000082000000, 0x0000000082100000|  0%| F|  |TAMS 0x0000000082000000, 0x0000000082000000| Untracked 
|  13|0x0000000082100000, 0x0000000082100000, 0x0000000082200000|  0%| F|  |TAMS 0x0000000082100000, 0x0000000082100000| Untracked 
|  14|0x0000000082200000, 0x0000000082200000, 0x0000000082300000|  0%| F|  |TAMS 0x0000000082200000, 0x0000000082200000| Untracked 
|  15|0x0000000082300000, 0x0000000082300000, 0x0000000082400000|  0%| F|  |TAMS 0x0000000082300000, 0x0000000082300000| Untracked 
|  16|0x0000000082400000, 0x0000000082400000, 0x0000000082500000|  0%| F|  |TAMS 0x0000000082400000, 0x0000000082400000| Untracked 
|  17|0x0000000082500000, 0x0000000082500000, 0x0000000082600000|  0%| F|  |TAMS 0x0000000082500000, 0x0000000082500000| Untracked 
|  18|0x0000000082600000, 0x0000000082600000, 0x0000000082700000|  0%| F|  |TAMS 0x0000000082600000, 0x0000000082600000| Untracked 
|  19|0x0000000082700000, 0x0000000082700000, 0x0000000082800000|  0%| F|  |TAMS 0x0000000082700000, 0x0000000082700000| Untracked 
|  20|0x0000000082800000, 0x0000000082800000, 0x0000000082900000|  0%| F|  |TAMS 0x0000000082800000, 0x0000000082800000| Untracked 
|  21|0x0000000082900000, 0x0000000082900000, 0x0000000082a00000|  0%| F|  |TAMS 0x0000000082900000, 0x0000000082900000| Untracked 
|  22|0x0000000082a00000, 0x0000000082a00000, 0x0000000082b00000|  0%| F|  |TAMS 0x0000000082a00000, 0x0000000082a00000| Untracked 
|  23|0x0000000082b00000, 0x0000000082b00000, 0x0000000082c00000|  0%| F|  |TAMS 0x0000000082b00000, 0x0000000082b00000| Untracked 
|  24|0x0000000082c00000, 0x0000000082c00000, 0x0000000082d00000|  0%| F|  |TAMS 0x0000000082c00000, 0x0000000082c00000| Untracked 
|  25|0x0000000082d00000, 0x0000000082d00000, 0x0000000082e00000|  0%| F|  |TAMS 0x0000000082d00000, 0x0000000082d00000| Untracked 
|  26|0x0000000082e00000, 0x0000000082e00000, 0x0000000082f00000|  0%| F|  |TAMS 0x0000000082e00000, 0x0000000082e00000| Untracked 
|  27|0x0000000082f00000, 0x0000000082f00000, 0x0000000083000000|  0%| F|  |TAMS 0x0000000082f00000, 0x0000000082f00000| Untracked 
|  28|0x0000000083000000, 0x0000000083000000, 0x0000000083100000|  0%| F|  |TAMS 0x0000000083000000, 0x0000000083000000| Untracked 
|  29|0x0000000083100000, 0x0000000083100000, 0x0000000083200000|  0%| F|  |TAMS 0x0000000083100000, 0x0000000083100000| Untracked 
|  30|0x0000000083200000, 0x0000000083200000, 0x0000000083300000|  0%| F|  |TAMS 0x0000000083200000, 0x0000000083200000| Untracked 
|  31|0x0000000083300000, 0x0000000083300000, 0x0000000083400000|  0%| F|  |TAMS 0x0000000083300000, 0x0000000083300000| Untracked 
|  32|0x0000000083400000, 0x0000000083400000, 0x0000000083500000|  0%| F|  |TAMS 0x0000000083400000, 0x0000000083400000| Untracked 
|  33|0x0000000083500000, 0x0000000083500000, 0x0000000083600000|  0%| F|  |TAMS 0x0000000083500000, 0x0000000083500000| Untracked 
|  34|0x0000000083600000, 0x0000000083600000, 0x0000000083700000|  0%| F|  |TAMS 0x0000000083600000, 0x0000000083600000| Untracked 
|  35|0x0000000083700000, 0x0000000083700000, 0x0000000083800000|  0%| F|  |TAMS 0x0000000083700000, 0x0000000083700000| Untracked 
|  36|0x0000000083800000, 0x0000000083800000, 0x0000000083900000|  0%| F|  |TAMS 0x0000000083800000, 0x0000000083800000| Untracked 
|  37|0x0000000083900000, 0x0000000083900000, 0x0000000083a00000|  0%| F|  |TAMS 0x0000000083900000, 0x0000000083900000| Untracked 
|  38|0x0000000083a00000, 0x0000000083a00000, 0x0000000083b00000|  0%| F|  |TAMS 0x0000000083a00000, 0x0000000083a00000| Untracked 
|  39|0x0000000083b00000, 0x0000000083b00000, 0x0000000083c00000|  0%| F|  |TAMS 0x0000000083b00000, 0x0000000083b00000| Untracked 
|  40|0x0000000083c00000, 0x0000000083c00000, 0x0000000083d00000|  0%| F|  |TAMS 0x0000000083c00000, 0x0000000083c00000| Untracked 
|  41|0x0000000083d00000, 0x0000000083d00000, 0x0000000083e00000|  0%| F|  |TAMS 0x0000000083d00000, 0x0000000083d00000| Untracked 
|  42|0x0000000083e00000, 0x0000000083e00000, 0x0000000083f00000|  0%| F|  |TAMS 0x0000000083e00000, 0x0000000083e00000| Untracked 
|  43|0x0000000083f00000, 0x0000000083f00000, 0x0000000084000000|  0%| F|  |TAMS 0x0000000083f00000, 0x0000000083f00000| Untracked 
|  44|0x0000000084000000, 0x0000000084000000, 0x0000000084100000|  0%| F|  |TAMS 0x0000000084000000, 0x0000000084000000| Untracked 
|  45|0x0000000084100000, 0x0000000084100000, 0x0000000084200000|  0%| F|  |TAMS 0x0000000084100000, 0x0000000084100000| Untracked 
|  46|0x0000000084200000, 0x0000000084200000, 0x0000000084300000|  0%| F|  |TAMS 0x0000000084200000, 0x0000000084200000| Untracked 
|  47|0x0000000084300000, 0x0000000084300000, 0x0000000084400000|  0%| F|  |TAMS 0x0000000084300000, 0x0000000084300000| Untracked 
|  48|0x0000000084400000, 0x0000000084400000, 0x0000000084500000|  0%| F|  |TAMS 0x0000000084400000, 0x0000000084400000| Untracked 
|  49|0x0000000084500000, 0x0000000084500000, 0x0000000084600000|  0%| F|  |TAMS 0x0000000084500000, 0x0000000084500000| Untracked 
|  50|0x0000000084600000, 0x0000000084600000, 0x0000000084700000|  0%| F|  |TAMS 0x0000000084600000, 0x0000000084600000| Untracked 
|  51|0x0000000084700000, 0x0000000084700000, 0x0000000084800000|  0%| F|  |TAMS 0x0000000084700000, 0x0000000084700000| Untracked 
|  52|0x0000000084800000, 0x0000000084800000, 0x0000000084900000|  0%| F|  |TAMS 0x0000000084800000, 0x0000000084800000| Untracked 
|  53|0x0000000084900000, 0x0000000084900000, 0x0000000084a00000|  0%| F|  |TAMS 0x0000000084900000, 0x0000000084900000| Untracked 
|  54|0x0000000084a00000, 0x0000000084a00000, 0x0000000084b00000|  0%| F|  |TAMS 0x0000000084a00000, 0x0000000084a00000| Untracked 
|  55|0x0000000084b00000, 0x0000000084b00000, 0x0000000084c00000|  0%| F|  |TAMS 0x0000000084b00000, 0x0000000084b00000| Untracked 
|  56|0x0000000084c00000, 0x0000000084c00000, 0x0000000084d00000|  0%| F|  |TAMS 0x0000000084c00000, 0x0000000084c00000| Untracked 
|  57|0x0000000084d00000, 0x0000000084d00000, 0x0000000084e00000|  0%| F|  |TAMS 0x0000000084d00000, 0x0000000084d00000| Untracked 
|  58|0x0000000084e00000, 0x0000000084e00000, 0x0000000084f00000|  0%| F|  |TAMS 0x0000000084e00000, 0x0000000084e00000| Untracked 
|  59|0x0000000084f00000, 0x0000000084f00000, 0x0000000085000000|  0%| F|  |TAMS 0x0000000084f00000, 0x0000000084f00000| Untracked 
|  60|0x0000000085000000, 0x0000000085000000, 0x0000000085100000|  0%| F|  |TAMS 0x0000000085000000, 0x0000000085000000| Untracked 
|  61|0x0000000085100000, 0x0000000085100000, 0x0000000085200000|  0%| F|  |TAMS 0x0000000085100000, 0x0000000085100000| Untracked 
|  62|0x0000000085200000, 0x0000000085200000, 0x0000000085300000|  0%| F|  |TAMS 0x0000000085200000, 0x0000000085200000| Untracked 
|  63|0x0000000085300000, 0x0000000085300000, 0x0000000085400000|  0%| F|  |TAMS 0x0000000085300000, 0x0000000085300000| Untracked 
|  64|0x0000000085400000, 0x0000000085400000, 0x0000000085500000|  0%| F|  |TAMS 0x0000000085400000, 0x0000000085400000| Untracked 
|  65|0x0000000085500000, 0x0000000085500000, 0x0000000085600000|  0%| F|  |TAMS 0x0000000085500000, 0x0000000085500000| Untracked 
|  66|0x0000000085600000, 0x0000000085600000, 0x0000000085700000|  0%| F|  |TAMS 0x0000000085600000, 0x0000000085600000| Untracked 
|  67|0x0000000085700000, 0x0000000085700000, 0x0000000085800000|  0%| F|  |TAMS 0x0000000085700000, 0x0000000085700000| Untracked 
|  68|0x0000000085800000, 0x0000000085800000, 0x0000000085900000|  0%| F|  |TAMS 0x0000000085800000, 0x0000000085800000| Untracked 
|  69|0x0000000085900000, 0x0000000085900000, 0x0000000085a00000|  0%| F|  |TAMS 0x0000000085900000, 0x0000000085900000| Untracked 
|  70|0x0000000085a00000, 0x0000000085a00000, 0x0000000085b00000|  0%| F|  |TAMS 0x0000000085a00000, 0x0000000085a00000| Untracked 
|  71|0x0000000085b00000, 0x0000000085b00000, 0x0000000085c00000|  0%| F|  |TAMS 0x0000000085b00000, 0x0000000085b00000| Untracked 
|  72|0x0000000085c00000, 0x0000000085c00000, 0x0000000085d00000|  0%| F|  |TAMS 0x0000000085c00000, 0x0000000085c00000| Untracked 
|  73|0x0000000085d00000, 0x0000000085d00000, 0x0000000085e00000|  0%| F|  |TAMS 0x0000000085d00000, 0x0000000085d00000| Untracked 
|  74|0x0000000085e00000, 0x0000000085e00000, 0x0000000085f00000|  0%| F|  |TAMS 0x0000000085e00000, 0x0000000085e00000| Untracked 
|  75|0x0000000085f00000, 0x0000000085f00000, 0x0000000086000000|  0%| F|  |TAMS 0x0000000085f00000, 0x0000000085f00000| Untracked 
|  76|0x0000000086000000, 0x0000000086000000, 0x0000000086100000|  0%| F|  |TAMS 0x0000000086000000, 0x0000000086000000| Untracked 
|  77|0x0000000086100000, 0x0000000086100000, 0x0000000086200000|  0%| F|  |TAMS 0x0000000086100000, 0x0000000086100000| Untracked 
|  78|0x0000000086200000, 0x0000000086200000, 0x0000000086300000|  0%| F|  |TAMS 0x0000000086200000, 0x0000000086200000| Untracked 
|  79|0x0000000086300000, 0x0000000086300000, 0x0000000086400000|  0%| F|  |TAMS 0x0000000086300000, 0x0000000086300000| Untracked 
|  80|0x0000000086400000, 0x0000000086400000, 0x0000000086500000|  0%| F|  |TAMS 0x0000000086400000, 0x0000000086400000| Untracked 
|  81|0x0000000086500000, 0x0000000086500000, 0x0000000086600000|  0%| F|  |TAMS 0x0000000086500000, 0x0000000086500000| Untracked 
|  82|0x0000000086600000, 0x0000000086600000, 0x0000000086700000|  0%| F|  |TAMS 0x0000000086600000, 0x0000000086600000| Untracked 
|  83|0x0000000086700000, 0x0000000086700000, 0x0000000086800000|  0%| F|  |TAMS 0x0000000086700000, 0x0000000086700000| Untracked 
|  84|0x0000000086800000, 0x0000000086800000, 0x0000000086900000|  0%| F|  |TAMS 0x0000000086800000, 0x0000000086800000| Untracked 
|  85|0x0000000086900000, 0x0000000086900000, 0x0000000086a00000|  0%| F|  |TAMS 0x0000000086900000, 0x0000000086900000| Untracked 
|  86|0x0000000086a00000, 0x0000000086a00000, 0x0000000086b00000|  0%| F|  |TAMS 0x0000000086a00000, 0x0000000086a00000| Untracked 
|  87|0x0000000086b00000, 0x0000000086b00000, 0x0000000086c00000|  0%| F|  |TAMS 0x0000000086b00000, 0x0000000086b00000| Untracked 
|  88|0x0000000086c00000, 0x0000000086c00000, 0x0000000086d00000|  0%| F|  |TAMS 0x0000000086c00000, 0x0000000086c00000| Untracked 
|  89|0x0000000086d00000, 0x0000000086d00000, 0x0000000086e00000|  0%| F|  |TAMS 0x0000000086d00000, 0x0000000086d00000| Untracked 
|  90|0x0000000086e00000, 0x0000000086e00000, 0x0000000086f00000|  0%| F|  |TAMS 0x0000000086e00000, 0x0000000086e00000| Untracked 
|  91|0x0000000086f00000, 0x0000000086f00000, 0x0000000087000000|  0%| F|  |TAMS 0x0000000086f00000, 0x0000000086f00000| Untracked 
|  92|0x0000000087000000, 0x0000000087000000, 0x0000000087100000|  0%| F|  |TAMS 0x0000000087000000, 0x0000000087000000| Untracked 
|  93|0x0000000087100000, 0x0000000087100000, 0x0000000087200000|  0%| F|  |TAMS 0x0000000087100000, 0x0000000087100000| Untracked 
|  94|0x0000000087200000, 0x0000000087200000, 0x0000000087300000|  0%| F|  |TAMS 0x0000000087200000, 0x0000000087200000| Untracked 
|  95|0x0000000087300000, 0x0000000087300000, 0x0000000087400000|  0%| F|  |TAMS 0x0000000087300000, 0x0000000087300000| Untracked 
|  96|0x0000000087400000, 0x0000000087400000, 0x0000000087500000|  0%| F|  |TAMS 0x0000000087400000, 0x0000000087400000| Untracked 
|  97|0x0000000087500000, 0x0000000087500000, 0x0000000087600000|  0%| F|  |TAMS 0x0000000087500000, 0x0000000087500000| Untracked 
|  98|0x0000000087600000, 0x0000000087600000, 0x0000000087700000|  0%| F|  |TAMS 0x0000000087600000, 0x0000000087600000| Untracked 
|  99|0x0000000087700000, 0x0000000087700000, 0x0000000087800000|  0%| F|  |TAMS 0x0000000087700000, 0x0000000087700000| Untracked 
| 100|0x0000000087800000, 0x0000000087800000, 0x0000000087900000|  0%| F|  |TAMS 0x0000000087800000, 0x0000000087800000| Untracked 
| 101|0x0000000087900000, 0x0000000087900000, 0x0000000087a00000|  0%| F|  |TAMS 0x0000000087900000, 0x0000000087900000| Untracked 
| 102|0x0000000087a00000, 0x0000000087a00000, 0x0000000087b00000|  0%| F|  |TAMS 0x0000000087a00000, 0x0000000087a00000| Untracked 
| 103|0x0000000087b00000, 0x0000000087b00000, 0x0000000087c00000|  0%| F|  |TAMS 0x0000000087b00000, 0x0000000087b00000| Untracked 
| 104|0x0000000087c00000, 0x0000000087c00000, 0x0000000087d00000|  0%| F|  |TAMS 0x0000000087c00000, 0x0000000087c00000| Untracked 
| 105|0x0000000087d00000, 0x0000000087d00000, 0x0000000087e00000|  0%| F|  |TAMS 0x0000000087d00000, 0x0000000087d00000| Untracked 
| 106|0x0000000087e00000, 0x0000000087e00000, 0x0000000087f00000|  0%| F|  |TAMS 0x0000000087e00000, 0x0000000087e00000| Untracked 
| 107|0x0000000087f00000, 0x0000000087f00000, 0x0000000088000000|  0%| F|  |TAMS 0x0000000087f00000, 0x0000000087f00000| Untracked 
| 108|0x0000000088000000, 0x0000000088000000, 0x0000000088100000|  0%| F|  |TAMS 0x0000000088000000, 0x0000000088000000| Untracked 
| 109|0x0000000088100000, 0x0000000088100000, 0x0000000088200000|  0%| F|  |TAMS 0x0000000088100000, 0x0000000088100000| Untracked 
| 110|0x0000000088200000, 0x0000000088200000, 0x0000000088300000|  0%| F|  |TAMS 0x0000000088200000, 0x0000000088200000| Untracked 
| 111|0x0000000088300000, 0x0000000088300000, 0x0000000088400000|  0%| F|  |TAMS 0x0000000088300000, 0x0000000088300000| Untracked 
| 112|0x0000000088400000, 0x0000000088400000, 0x0000000088500000|  0%| F|  |TAMS 0x0000000088400000, 0x0000000088400000| Untracked 
| 113|0x0000000088500000, 0x0000000088500000, 0x0000000088600000|  0%| F|  |TAMS 0x0000000088500000, 0x0000000088500000| Untracked 
| 114|0x0000000088600000, 0x0000000088600000, 0x0000000088700000|  0%| F|  |TAMS 0x0000000088600000, 0x0000000088600000| Untracked 
| 115|0x0000000088700000, 0x0000000088700000, 0x0000000088800000|  0%| F|  |TAMS 0x0000000088700000, 0x0000000088700000| Untracked 
| 116|0x0000000088800000, 0x0000000088800000, 0x0000000088900000|  0%| F|  |TAMS 0x0000000088800000, 0x0000000088800000| Untracked 
| 117|0x0000000088900000, 0x0000000088900000, 0x0000000088a00000|  0%| F|  |TAMS 0x0000000088900000, 0x0000000088900000| Untracked 
| 118|0x0000000088a00000, 0x0000000088a00000, 0x0000000088b00000|  0%| F|  |TAMS 0x0000000088a00000, 0x0000000088a00000| Untracked 
| 119|0x0000000088b00000, 0x0000000088b00000, 0x0000000088c00000|  0%| F|  |TAMS 0x0000000088b00000, 0x0000000088b00000| Untracked 
| 120|0x0000000088c00000, 0x0000000088c00000, 0x0000000088d00000|  0%| F|  |TAMS 0x0000000088c00000, 0x0000000088c00000| Untracked 
| 121|0x0000000088d00000, 0x0000000088d00000, 0x0000000088e00000|  0%| F|  |TAMS 0x0000000088d00000, 0x0000000088d00000| Untracked 
| 122|0x0000000088e00000, 0x0000000088e482f0, 0x0000000088f00000| 28%| E|  |TAMS 0x0000000088e00000, 0x0000000088e00000| Complete 
| 123|0x0000000088f00000, 0x0000000089000000, 0x0000000089000000|100%| E|CS|TAMS 0x0000000088f00000, 0x0000000088f00000| Complete 
| 124|0x0000000089000000, 0x0000000089100000, 0x0000000089100000|100%| E|CS|TAMS 0x0000000089000000, 0x0000000089000000| Complete 
| 125|0x0000000089100000, 0x0000000089200000, 0x0000000089200000|100%| E|CS|TAMS 0x0000000089100000, 0x0000000089100000| Complete 
| 126|0x0000000089200000, 0x0000000089300000, 0x0000000089300000|100%| E|CS|TAMS 0x0000000089200000, 0x0000000089200000| Complete 
| 127|0x0000000089300000, 0x0000000089400000, 0x0000000089400000|100%| E|CS|TAMS 0x0000000089300000, 0x0000000089300000| Complete 

Card table byte_map: [0x0000021bc0de0000,0x0000021bc11e0000] _byte_map_base: 0x0000021bc09d6000

Marking Bits (Prev, Next): (CMBitMap*) 0x0000021ba9709f38, (CMBitMap*) 0x0000021ba9709f70
 Prev Bits: [0x0000021bc15e0000, 0x0000021bc3590000)
 Next Bits: [0x0000021bc3590000, 0x0000021bc5540000)

Polling page: 0x0000021ba75b0000

Metaspace:

Usage:
  Non-class:      7.11 MB capacity,     7.03 MB ( 99%) used,    76.79 KB (  1%) free+waste,     8.38 KB ( <1%) overhead. 
      Class:    764.00 KB capacity,   702.48 KB ( 92%) used,    57.64 KB (  8%) free+waste,     3.88 KB ( <1%) overhead. 
       Both:      7.86 MB capacity,     7.71 MB ( 98%) used,   134.43 KB (  2%) free+waste,    12.25 KB ( <1%) overhead. 

Virtual space:
  Non-class space:        8.00 MB reserved,       7.25 MB ( 91%) committed 
      Class space:        1.00 GB reserved,     768.00 KB ( <1%) committed 
             Both:        1.01 GB reserved,       8.00 MB ( <1%) committed 

Chunk freelists:
   Non-Class:  2.00 KB
       Class:  512 bytes
        Both:  2.50 KB

CodeHeap 'non-profiled nmethods': size=120064Kb used=126Kb max_used=126Kb free=119938Kb
 bounds [0x0000021bb94a0000, 0x0000021bb9710000, 0x0000021bc09e0000]
CodeHeap 'profiled nmethods': size=120000Kb used=560Kb max_used=584Kb free=119439Kb
 bounds [0x0000021bb1f70000, 0x0000021bb21e0000, 0x0000021bb94a0000]
CodeHeap 'non-nmethods': size=5696Kb used=1153Kb max_used=1165Kb free=4542Kb
 bounds [0x0000021bb19e0000, 0x0000021bb1c50000, 0x0000021bb1f70000]
 total_blobs=865 nmethods=396 adapters=287
 compilation: enabled
              stopped_count=0, restarted_count=0
 full_count=0

Compilation events (10 events):
Event: 63.540 Thread 0x0000021bc7a6c800  405       1       com.company.Entity::getFitness (5 bytes)
Event: 63.540 Thread 0x0000021bc7a6c800 nmethod 405 0x0000021bb94bf310 code [0x0000021bb94bf4c0, 0x0000021bb94bf5d8]
Event: 65.999 Thread 0x0000021bc7a6c800  406       3       java.util.ArrayList::isEmpty (13 bytes)
Event: 65.999 Thread 0x0000021bc7a6c800 nmethod 406 0x0000021bb2001610 code [0x0000021bb20017c0, 0x0000021bb2001978]
Event: 163.973 Thread 0x0000021bc7a6c800  407       3       com.company.Entity::swapCities (39 bytes)
Event: 163.973 Thread 0x0000021bc7a6c800 nmethod 407 0x0000021bb2001a10 code [0x0000021bb2001be0, 0x0000021bb2001ef0]
Event: 163.973 Thread 0x0000021bc7a63000  408 %     4       com.company.Program::TTP1 @ 127 (280 bytes)
Event: 163.985 Thread 0x0000021bc7a63000 nmethod 408% 0x0000021bb94abd10 code [0x0000021bb94abf20, 0x0000021bb94aca18]
Event: 163.985 Thread 0x0000021bc7a63000  409       4       java.util.ArrayList::get (15 bytes)
Event: 163.987 Thread 0x0000021bc7a63000 nmethod 409 0x0000021bb94bf690 code [0x0000021bb94bf820, 0x0000021bb94bf958]

GC Heap History (0 events):
No events

Deoptimization events (2 events):
Event: 0.556 Thread 0x0000021ba96d0000 Uncommon trap: reason=unstable_if action=reinterpret pc=0x0000021bb94ac9d4 method=java.util.HashMap.putVal(ILjava/lang/Object;Ljava/lang/Object;ZZ)Ljava/lang/Object; @ 69 c2
Event: 1.328 Thread 0x0000021ba96d0000 Uncommon trap: reason=unstable_if action=reinterpret pc=0x0000021bb94a6578 method=java.lang.String.isLatin1()Z @ 10 c2

Classes redefined (5 events):
Event: 270.979 Thread 0x0000021bc7a1d800 redefined class name=com.company.SA, count=1
Event: 319.308 Thread 0x0000021bc7a1d800 redefined class name=com.company.SA, count=2
Event: 391.367 Thread 0x0000021bc7a1d800 redefined class name=com.company.SA, count=3
Event: 554.311 Thread 0x0000021bc7a1d800 redefined class name=com.company.SA, count=4
Event: 636.376 Thread 0x0000021bc7a1d800 redefined class name=com.company.Program, count=1

Internal exceptions (1 events):
Event: 1.270 Thread 0x0000021ba96d0000 Exception <a 'java/lang/NoSuchMethodError'{0x00000000891f8560}: java.lang.invoke.DirectMethodHandle$Holder.invokeSpecialIFC(Ljava/lang/Object;Ljava/lang/Object;I)I> (0x00000000891f8560) thrown at [t:/workspace/open/src/hotspot/share/interpreter/linkResolv

Events (10 events):
Event: 636.376 Executing VM operation: RedefineClasses done
Event: 636.377 Executing VM operation: GetFrameCount
Event: 636.377 Executing VM operation: GetFrameCount done
Event: 636.377 Executing VM operation: GetFrameCount
Event: 636.377 Executing VM operation: GetFrameCount done
Event: 636.377 Executing VM operation: GetStackTrace
Event: 636.377 Executing VM operation: GetStackTrace done
Event: 636.378 Executing VM operation: GetFrameLocation
Event: 636.378 Executing VM operation: GetFrameLocation done
Event: 636.378 Executing VM operation: GetOrSetLocal


Dynamic libraries:
0x00007ff6aef50000 - 0x00007ff6aef97000 	C:\Program Files\Java\jdk-11\bin\java.exe
0x00007ffd98150000 - 0x00007ffd98331000 	C:\WINDOWS\SYSTEM32\ntdll.dll
0x00007ffd96bc0000 - 0x00007ffd96c72000 	C:\WINDOWS\System32\KERNEL32.DLL
0x00007ffd94bf0000 - 0x00007ffd94e63000 	C:\WINDOWS\System32\KERNELBASE.dll
0x00007ffd975c0000 - 0x00007ffd97661000 	C:\WINDOWS\System32\ADVAPI32.dll
0x00007ffd97d10000 - 0x00007ffd97dae000 	C:\WINDOWS\System32\msvcrt.dll
0x00007ffd973d0000 - 0x00007ffd9742b000 	C:\WINDOWS\System32\sechost.dll
0x00007ffd97be0000 - 0x00007ffd97d04000 	C:\WINDOWS\System32\RPCRT4.dll
0x00007ffd97430000 - 0x00007ffd975c0000 	C:\WINDOWS\System32\USER32.dll
0x00007ffd94710000 - 0x00007ffd94730000 	C:\WINDOWS\System32\win32u.dll
0x00007ffd97ee0000 - 0x00007ffd97f08000 	C:\WINDOWS\System32\GDI32.dll
0x00007ffd94520000 - 0x00007ffd946b2000 	C:\WINDOWS\System32\gdi32full.dll
0x00007ffd94860000 - 0x00007ffd948ff000 	C:\WINDOWS\System32\msvcp_win.dll
0x00007ffd94900000 - 0x00007ffd949fa000 	C:\WINDOWS\System32\ucrtbase.dll
0x00007ffd87770000 - 0x00007ffd8777a000 	C:\WINDOWS\SYSTEM32\VERSION.dll
0x00007ffd824a0000 - 0x00007ffd82709000 	C:\WINDOWS\WinSxS\amd64_microsoft.windows.common-controls_6595b64144ccf1df_6.0.17134.345_none_fb429a5930656358\COMCTL32.dll
0x00007ffd97850000 - 0x00007ffd97b73000 	C:\WINDOWS\System32\combase.dll
0x00007ffd947e0000 - 0x00007ffd9485a000 	C:\WINDOWS\System32\bcryptPrimitives.dll
0x00007ffd972d0000 - 0x00007ffd972fd000 	C:\WINDOWS\System32\IMM32.DLL
0x00007ffd935e0000 - 0x00007ffd93611000 	C:\WINDOWS\SYSTEM32\ntmarta.dll
0x00007ffd94360000 - 0x00007ffd94390000 	C:\WINDOWS\SYSTEM32\SspiCli.dll
0x00007ffd87ea0000 - 0x00007ffd87eb6000 	C:\Program Files\Java\jdk-11\bin\vcruntime140.dll
0x00007ffd66110000 - 0x00007ffd661ba000 	C:\Program Files\Java\jdk-11\bin\msvcp140.dll
0x00007ffd4e530000 - 0x00007ffd4f072000 	C:\Program Files\Java\jdk-11\bin\server\jvm.dll
0x00007ffd97e60000 - 0x00007ffd97e68000 	C:\WINDOWS\System32\PSAPI.DLL
0x00007ffd8e930000 - 0x00007ffd8e939000 	C:\WINDOWS\SYSTEM32\WSOCK32.dll
0x00007ffd97e70000 - 0x00007ffd97edc000 	C:\WINDOWS\System32\WS2_32.dll
0x00007ffd91d00000 - 0x00007ffd91d23000 	C:\WINDOWS\SYSTEM32\WINMM.dll
0x00007ffd91cd0000 - 0x00007ffd91cfa000 	C:\WINDOWS\SYSTEM32\WINMMBASE.dll
0x00007ffd946c0000 - 0x00007ffd94709000 	C:\WINDOWS\System32\cfgmgr32.dll
0x00007ffd94500000 - 0x00007ffd94511000 	C:\WINDOWS\System32\kernel.appcore.dll
0x00007ffd87d40000 - 0x00007ffd87d51000 	C:\Program Files\Java\jdk-11\bin\verify.dll
0x00007ffd7cfe0000 - 0x00007ffd7d1a9000 	C:\WINDOWS\SYSTEM32\DBGHELP.DLL
0x00007ffd7dac0000 - 0x00007ffd7dae9000 	C:\WINDOWS\SYSTEM32\dbgcore.DLL
0x00007ffd87d10000 - 0x00007ffd87d39000 	C:\Program Files\Java\jdk-11\bin\java.dll
0x00007ffd67960000 - 0x00007ffd67997000 	C:\Program Files\Java\jdk-11\bin\jdwp.dll
0x00007ffd74790000 - 0x00007ffd747bf000 	C:\Program Files\Java\jdk-11\bin\instrument.dll
0x00007ffd786c0000 - 0x00007ffd786d6000 	C:\Program Files\Java\jdk-11\bin\zip.dll
0x00007ffd8e890000 - 0x00007ffd8e89a000 	C:\Program Files\Java\jdk-11\bin\jimage.dll
0x00007ffd95760000 - 0x00007ffd96b9f000 	C:\WINDOWS\System32\SHELL32.dll
0x00007ffd97db0000 - 0x00007ffd97e59000 	C:\WINDOWS\System32\shcore.dll
0x00007ffd94e70000 - 0x00007ffd9557d000 	C:\WINDOWS\System32\windows.storage.dll
0x00007ffd977f0000 - 0x00007ffd97841000 	C:\WINDOWS\System32\shlwapi.dll
0x00007ffd944e0000 - 0x00007ffd944ff000 	C:\WINDOWS\System32\profapi.dll
0x00007ffd94470000 - 0x00007ffd944bc000 	C:\WINDOWS\System32\powrprof.dll
0x00007ffd94460000 - 0x00007ffd9446a000 	C:\WINDOWS\System32\FLTLIB.DLL
0x00007ffd8e610000 - 0x00007ffd8e61a000 	C:\Program Files\Java\jdk-11\bin\dt_socket.dll
0x00007ffd93c80000 - 0x00007ffd93ce6000 	C:\WINDOWS\system32\mswsock.dll
0x00007ffd747e0000 - 0x00007ffd747f9000 	C:\Program Files\Java\jdk-11\bin\net.dll
0x00007ffd8f910000 - 0x00007ffd8f9ec000 	C:\WINDOWS\SYSTEM32\WINHTTP.dll
0x00007ffd747c0000 - 0x00007ffd747d3000 	C:\Program Files\Java\jdk-11\bin\nio.dll

dbghelp: loaded successfully - version: 4.0.5 - missing functions: none
symbol engine: initialized successfully - sym options: 0x614 - pdb path: .;C:\Program Files\Java\jdk-11\bin;C:\WINDOWS\SYSTEM32;C:\WINDOWS\WinSxS\amd64_microsoft.windows.common-controls_6595b64144ccf1df_6.0.17134.345_none_fb429a5930656358;C:\Program Files\Java\jdk-11\bin\server

VM Arguments:
jvm_args: -agentlib:jdwp=transport=dt_socket,address=127.0.0.1:50192,suspend=y,server=n -javaagent:C:\Users\Max\.IntelliJIdea2018.2\system\captureAgent\debugger-agent.jar=file:/C:/Users/Max/AppData/Local/Temp/capture1.props -Dfile.encoding=UTF-8 
java_command: com.company.Main
java_class_path (initial): C:\Users\Max\IdeaProjects\Meta\out\production\Meta;C:\Program Files\JetBrains\IntelliJ IDEA 2018.2.4\lib\idea_rt.jar
Launcher Type: SUN_STANDARD

[Global flags]
     intx CICompilerCount                          = 3                                         {product} {ergonomic}
     uint ConcGCThreads                            = 1                                         {product} {ergonomic}
     uint G1ConcRefinementThreads                  = 4                                         {product} {ergonomic}
   size_t G1HeapRegionSize                         = 1048576                                   {product} {ergonomic}
    uintx GCDrainStackTargetSize                   = 64                                        {product} {ergonomic}
   size_t InitialHeapSize                          = 134217728                                 {product} {ergonomic}
   size_t MarkStackSize                            = 4194304                                   {product} {ergonomic}
   size_t MaxHeapSize                              = 2126512128                                {product} {ergonomic}
   size_t MaxNewSize                               = 1275068416                                {product} {ergonomic}
   size_t MinHeapDeltaBytes                        = 1048576                                   {product} {ergonomic}
    uintx NonNMethodCodeHeapSize                   = 5830092                                {pd product} {ergonomic}
    uintx NonProfiledCodeHeapSize                  = 122914074                              {pd product} {ergonomic}
    uintx ProfiledCodeHeapSize                     = 122914074                              {pd product} {ergonomic}
    uintx ReservedCodeCacheSize                    = 251658240                              {pd product} {ergonomic}
     bool SegmentedCodeCache                       = true                                      {product} {ergonomic}
     bool UseCompressedClassPointers               = true                                 {lp64_product} {ergonomic}
     bool UseCompressedOops                        = true                                 {lp64_product} {ergonomic}
     bool UseG1GC                                  = true                                      {product} {ergonomic}
     bool UseLargePagesIndividualAllocation        = false                                  {pd product} {ergonomic}

Logging:
Log output configuration:
 #0: stdout all=warning uptime,level,tags
 #1: stderr all=off uptime,level,tags

Environment Variables:
PATH=C:\Program Files\Microsoft MPI\Bin\;C:\WINDOWS\system32;C:\WINDOWS;C:\WINDOWS\System32\Wbem;C:\WINDOWS\System32\WindowsPowerShell\v1.0\;C:\WINDOWS\System32\OpenSSH\;C:\Program Files\Git\cmd;C:\Program Files (x86)\Microsoft SQL Server\Client SDK\ODBC\130\Tools\Binn\;C:\Program Files (x86)\Microsoft SQL Server\140\Tools\Binn\;C:\Program Files (x86)\Microsoft SQL Server\140\DTS\Binn\;C:\Program Files (x86)\Microsoft SQL Server\140\Tools\Binn\ManagementStudio\;C:\Program Files\Microsoft SQL Server\Client SDK\ODBC\130\Tools\Binn\;C:\Program Files\Microsoft SQL Server\140\Tools\Binn\;C:\Program Files\Microsoft SQL Server\140\DTS\Binn\;C:\Program Files\dotnet\;C:\Program Files\Microsoft SQL Server\130\Tools\Binn\;C:\Program Files (x86)\Microsoft SQL Server\110\DTS\Binn\;C:\Program Files (x86)\Microsoft SQL Server\120\DTS\Binn\;C:\Program Files (x86)\Microsoft SQL Server\130\DTS\Binn\;C:\Program Files (x86)\Microsoft SQL Server\150\DTS\Binn\;C:\Users\Max\AppData\Local\Microsoft\WindowsApps;C:\Users\Max\AppData\Local\GitHubDesktop\bin
USERNAME=Max
OS=Windows_NT
PROCESSOR_IDENTIFIER=Intel64 Family 6 Model 61 Stepping 4, GenuineIntel



---------------  S Y S T E M  ---------------

OS: Windows 10 , 64 bit Build 17134 (10.0.17134.1)

CPU:total 4 (initial active 4) (2 cores per cpu, 2 threads per core) family 6 model 61 stepping 4, cmov, cx8, fxsr, mmx, sse, sse2, sse3, ssse3, sse4.1, sse4.2, popcnt, avx, avx2, aes, clmul, erms, 3dnowpref, lzcnt, ht, tsc, tscinvbit, bmi1, bmi2, adx, fma

Memory: 4k page, system-wide physical 8105M (3260M free)
TotalPageFile size 12969M (AvailPageFile size 5613M)
current process WorkingSet (physical memory assigned to process): 42M, peak: 43M
current process commit charge ("private bytes"): 200M, peak: 202M

vm_info: Java HotSpot(TM) 64-Bit Server VM (11+28) for windows-amd64 JRE (11+28), built on Aug 23 2018 03:03:59 by "mach5one" with MS VC++ 15.5 (VS2017)

END.
